<?xml version="1.0" encoding="UTF-8"?>
<!-- Generated by org.testng.reporters.JUnitReportReporter -->
<testsuite hostname="Loki.local" failures="0" tests="1" name="com.teamsnap.testCases.TS_UserAccount_004" time="80.154" errors="0" timestamp="2022-12-08T20:24:03 PST" skipped="0">
  <testcase classname="com.teamsnap.testCases.TS_UserAccount_004" name="TS_testing" time="80.154"/>
  <system-out/>
</testsuite> <!-- com.teamsnap.testCases.TS_UserAccount_004 -->
