<?xml version="1.0" encoding="UTF-8"?>
<!-- Generated by org.testng.reporters.JUnitReportReporter -->
<testsuite hostname="Loki.local" failures="0" tests="1" name="com.teamsnap.testCases.PocTest" time="7.186" errors="0" timestamp="2022-12-07T15:53:13 PST" skipped="0">
  <testcase classname="com.teamsnap.testCases.PocTest" name="poc" time="7.186"/>
  <system-out/>
</testsuite> <!-- com.teamsnap.testCases.PocTest -->
