<?xml version="1.0" encoding="UTF-8"?>
<!-- Generated by org.testng.reporters.JUnitReportReporter -->
<testsuite hostname="Loki.local" failures="0" tests="1" name="com.teamsnap.testCases.LoginTest2" time="4.990" errors="0" timestamp="2022-12-07T09:51:23 PST" skipped="0">
  <testcase classname="com.teamsnap.testCases.LoginTest2" name="signout" time="4.990"/>
  <system-out/>
</testsuite> <!-- com.teamsnap.testCases.LoginTest2 -->
